<?xml version="1.0" encoding="UTF-8"?>
<testsuite name="com.tau.notification.NotificationApplicationTests" tests="1" skipped="0" failures="0" errors="0" timestamp="2022-06-08T00:03:41" hostname="DESKTOP-USV68B6" time="0.579">
  <properties/>
  <testcase name="contextLoads()" classname="com.tau.notification.NotificationApplicationTests" time="0.579"/>
  <system-out><![CDATA[02:03:34.717 [Test worker] DEBUG org.springframework.test.context.BootstrapUtils - Instantiating CacheAwareContextLoaderDelegate from class [org.springframework.test.context.cache.DefaultCacheAwareContextLoaderDelegate]
02:03:34.733 [Test worker] DEBUG org.springframework.test.context.BootstrapUtils - Instantiating BootstrapContext using constructor [public org.springframework.test.context.support.DefaultBootstrapContext(java.lang.Class,org.springframework.test.context.CacheAwareContextLoaderDelegate)]
02:03:34.792 [Test worker] DEBUG org.springframework.test.context.BootstrapUtils - Instantiating TestContextBootstrapper for test class [com.tau.notification.NotificationApplicationTests] from class [org.springframework.boot.test.context.SpringBootTestContextBootstrapper]
02:03:34.810 [Test worker] INFO org.springframework.boot.test.context.SpringBootTestContextBootstrapper - Neither @ContextConfiguration nor @ContextHierarchy found for test class [com.tau.notification.NotificationApplicationTests], using SpringBootContextLoader
02:03:34.817 [Test worker] DEBUG org.springframework.test.context.support.AbstractContextLoader - Did not detect default resource location for test class [com.tau.notification.NotificationApplicationTests]: class path resource [com/tau/notification/NotificationApplicationTests-context.xml] does not exist
02:03:34.818 [Test worker] DEBUG org.springframework.test.context.support.AbstractContextLoader - Did not detect default resource location for test class [com.tau.notification.NotificationApplicationTests]: class path resource [com/tau/notification/NotificationApplicationTestsContext.groovy] does not exist
02:03:34.818 [Test worker] INFO org.springframework.test.context.support.AbstractContextLoader - Could not detect default resource locations for test class [com.tau.notification.NotificationApplicationTests]: no resource found for suffixes {-context.xml, Context.groovy}.
02:03:34.819 [Test worker] INFO org.springframework.test.context.support.AnnotationConfigContextLoaderUtils - Could not detect default configuration classes for test class [com.tau.notification.NotificationApplicationTests]: NotificationApplicationTests does not declare any static, non-private, non-final, nested classes annotated with @Configuration.
02:03:34.877 [Test worker] DEBUG org.springframework.test.context.support.ActiveProfilesUtils - Could not find an 'annotation declaring class' for annotation type [org.springframework.test.context.ActiveProfiles] and class [com.tau.notification.NotificationApplicationTests]
02:03:34.975 [Test worker] DEBUG org.springframework.context.annotation.ClassPathScanningCandidateComponentProvider - Identified candidate component class: file [C:\Users\ACER\OneDrive\Desktop\Neo-LirtenHub\Neo-LirtenHub\NotificationApp\build\classes\java\main\com\tau\notification\NotificationApplication.class]
02:03:34.977 [Test worker] INFO org.springframework.boot.test.context.SpringBootTestContextBootstrapper - Found @SpringBootConfiguration com.tau.notification.NotificationApplication for test class com.tau.notification.NotificationApplicationTests
02:03:35.142 [Test worker] DEBUG org.springframework.boot.test.context.SpringBootTestContextBootstrapper - @TestExecutionListeners is not present for class [com.tau.notification.NotificationApplicationTests]: using defaults.
02:03:35.142 [Test worker] INFO org.springframework.boot.test.context.SpringBootTestContextBootstrapper - Loaded default TestExecutionListener class names from location [META-INF/spring.factories]: [org.springframework.boot.test.autoconfigure.restdocs.RestDocsTestExecutionListener, org.springframework.boot.test.autoconfigure.web.client.MockRestServiceServerResetTestExecutionListener, org.springframework.boot.test.autoconfigure.web.servlet.MockMvcPrintOnlyOnFailureTestExecutionListener, org.springframework.boot.test.autoconfigure.web.servlet.WebDriverTestExecutionListener, org.springframework.boot.test.autoconfigure.webservices.client.MockWebServiceServerTestExecutionListener, org.springframework.boot.test.mock.mockito.MockitoTestExecutionListener, org.springframework.boot.test.mock.mockito.ResetMocksTestExecutionListener, org.springframework.test.context.web.ServletTestExecutionListener, org.springframework.test.context.support.DirtiesContextBeforeModesTestExecutionListener, org.springframework.test.context.event.ApplicationEventsTestExecutionListener, org.springframework.test.context.support.DependencyInjectionTestExecutionListener, org.springframework.test.context.support.DirtiesContextTestExecutionListener, org.springframework.test.context.transaction.TransactionalTestExecutionListener, org.springframework.test.context.jdbc.SqlScriptsTestExecutionListener, org.springframework.test.context.event.EventPublishingTestExecutionListener]
02:03:35.173 [Test worker] INFO org.springframework.boot.test.context.SpringBootTestContextBootstrapper - Using TestExecutionListeners: [org.springframework.test.context.web.ServletTestExecutionListener@2d8f2f3a, org.springframework.test.context.support.DirtiesContextBeforeModesTestExecutionListener@2024293c, org.springframework.test.context.event.ApplicationEventsTestExecutionListener@7048f722, org.springframework.boot.test.mock.mockito.MockitoTestExecutionListener@c074c0c, org.springframework.boot.test.autoconfigure.SpringBootDependencyInjectionTestExecutionListener@58a55449, org.springframework.test.context.support.DirtiesContextTestExecutionListener@5949eba8, org.springframework.test.context.transaction.TransactionalTestExecutionListener@6e0ff644, org.springframework.test.context.jdbc.SqlScriptsTestExecutionListener@58dea0a5, org.springframework.test.context.event.EventPublishingTestExecutionListener@2a2bb0eb, org.springframework.boot.test.autoconfigure.restdocs.RestDocsTestExecutionListener@3c291aad, org.springframework.boot.test.autoconfigure.web.client.MockRestServiceServerResetTestExecutionListener@2d0566ba, org.springframework.boot.test.autoconfigure.web.servlet.MockMvcPrintOnlyOnFailureTestExecutionListener@733037, org.springframework.boot.test.autoconfigure.web.servlet.WebDriverTestExecutionListener@7728643a, org.springframework.boot.test.autoconfigure.webservices.client.MockWebServiceServerTestExecutionListener@320e400, org.springframework.boot.test.mock.mockito.ResetMocksTestExecutionListener@5167268]
02:03:35.180 [Test worker] DEBUG org.springframework.test.context.support.AbstractDirtiesContextTestExecutionListener - Before test class: context [DefaultTestContext@475b7792 testClass = NotificationApplicationTests, testInstance = [null], testMethod = [null], testException = [null], mergedContextConfiguration = [WebMergedContextConfiguration@751e664e testClass = NotificationApplicationTests, locations = '{}', classes = '{class com.tau.notification.NotificationApplication}', contextInitializerClasses = '[]', activeProfiles = '{}', propertySourceLocations = '{}', propertySourceProperties = '{org.springframework.boot.test.context.SpringBootTestContextBootstrapper=true}', contextCustomizers = set[org.springframework.boot.test.autoconfigure.actuate.metrics.MetricsExportContextCustomizerFactory$DisableMetricExportContextCustomizer@5dd91bca, org.springframework.boot.test.autoconfigure.properties.PropertyMappingContextCustomizer@0, org.springframework.boot.test.autoconfigure.web.servlet.WebDriverContextCustomizerFactory$Customizer@7c209437, org.springframework.boot.test.context.filter.ExcludeFilterContextCustomizer@4febb875, org.springframework.boot.test.json.DuplicateJsonObjectContextCustomizerFactory$DuplicateJsonObjectContextCustomizer@328cf0e1, org.springframework.boot.test.mock.mockito.MockitoContextCustomizer@0, org.springframework.boot.test.web.client.TestRestTemplateContextCustomizer@58359ebd, org.springframework.boot.test.context.SpringBootTestArgs@1, org.springframework.boot.test.context.SpringBootTestWebEnvironment@456d6c1e], resourceBasePath = 'src/main/webapp', contextLoader = 'org.springframework.boot.test.context.SpringBootContextLoader', parent = [null]], attributes = map['org.springframework.test.context.web.ServletTestExecutionListener.activateListener' -> true]], class annotated with @DirtiesContext [false] with mode [null].

  .   ____          _            __ _ _
 /\\ / ___'_ __ _ _(_)_ __  __ _ \ \ \ \
( ( )\___ | '_ | '_| | '_ \/ _` | \ \ \ \
 \\/  ___)| |_)| | | | | || (_| |  ) ) ) )
  '  |____| .__|_| |_|_| |_\__, | / / / /
 =========|_|==============|___/=/_/_/_/
 :: Spring Boot ::                (v2.7.0)

2022-06-08 02:03:35.897  INFO 22612 --- [    Test worker] c.t.n.NotificationApplicationTests       : Starting NotificationApplicationTests using Java 11.0.14.1 on DESKTOP-USV68B6 with PID 22612 (started by ACER in C:\Users\ACER\OneDrive\Desktop\Neo-LirtenHub\Neo-LirtenHub\NotificationApp)
2022-06-08 02:03:35.899  INFO 22612 --- [    Test worker] c.t.n.NotificationApplicationTests       : No active profile set, falling back to 1 default profile: "default"
2022-06-08 02:03:37.672  INFO 22612 --- [    Test worker] .s.d.r.c.RepositoryConfigurationDelegate : Bootstrapping Spring Data MongoDB repositories in DEFAULT mode.
2022-06-08 02:03:37.731  INFO 22612 --- [    Test worker] .s.d.r.c.RepositoryConfigurationDelegate : Finished Spring Data repository scanning in 53 ms. Found 1 MongoDB repository interfaces.
2022-06-08 02:03:38.722  INFO 22612 --- [    Test worker] org.mongodb.driver.client                : MongoClient with metadata {"driver": {"name": "mongo-java-driver|sync|spring-boot", "version": "4.6.0"}, "os": {"type": "Windows", "name": "Windows 10", "architecture": "amd64", "version": "10.0"}, "platform": "Java/Oracle Corporation/11.0.14.1+1"} created with settings MongoClientSettings{readPreference=primary, writeConcern=WriteConcern{w=majority, wTimeout=null ms, journal=null}, retryWrites=true, retryReads=true, readConcern=ReadConcern{level=null}, credential=MongoCredential{mechanism=null, userName='Scalable', source='admin', password=<hidden>, mechanismProperties=<hidden>}, streamFactoryFactory=null, commandListeners=[], codecRegistry=ProvidersCodecRegistry{codecProviders=[ValueCodecProvider{}, BsonValueCodecProvider{}, DBRefCodecProvider{}, DBObjectCodecProvider{}, DocumentCodecProvider{}, IterableCodecProvider{}, MapCodecProvider{}, GeoJsonCodecProvider{}, GridFSFileCodecProvider{}, Jsr310CodecProvider{}, JsonObjectCodecProvider{}, BsonCodecProvider{}, EnumCodecProvider{}, com.mongodb.Jep395RecordCodecProvider@4eeab3e]}, clusterSettings={hosts=[127.0.0.1:27017], srvHost=cluster0.hvzjy.mongodb.net, srvServiceName=mongodb, mode=MULTIPLE, requiredClusterType=REPLICA_SET, requiredReplicaSetName='atlas-p6p35d-shard-0', serverSelector='null', clusterListeners='[]', serverSelectionTimeout='30000 ms', localThreshold='30000 ms'}, socketSettings=SocketSettings{connectTimeoutMS=10000, readTimeoutMS=0, receiveBufferSize=0, sendBufferSize=0}, heartbeatSocketSettings=SocketSettings{connectTimeoutMS=10000, readTimeoutMS=10000, receiveBufferSize=0, sendBufferSize=0}, connectionPoolSettings=ConnectionPoolSettings{maxSize=100, minSize=0, maxWaitTimeMS=120000, maxConnectionLifeTimeMS=0, maxConnectionIdleTimeMS=0, maintenanceInitialDelayMS=0, maintenanceFrequencyMS=60000, connectionPoolListeners=[], maxConnecting=2}, serverSettings=ServerSettings{heartbeatFrequencyMS=10000, minHeartbeatFrequencyMS=500, serverListeners='[]', serverMonitorListeners='[]'}, sslSettings=SslSettings{enabled=true, invalidHostNameAllowed=false, context=null}, applicationName='null', compressorList=[], uuidRepresentation=JAVA_LEGACY, serverApi=null, autoEncryptionSettings=null, contextProvider=null}
2022-06-08 02:03:38.775  INFO 22612 --- [zjy.mongodb.net] org.mongodb.driver.cluster               : Adding discovered server cluster0-shard-00-02.hvzjy.mongodb.net:27017 to client view of cluster
2022-06-08 02:03:38.827  INFO 22612 --- [zjy.mongodb.net] org.mongodb.driver.cluster               : Adding discovered server cluster0-shard-00-00.hvzjy.mongodb.net:27017 to client view of cluster
2022-06-08 02:03:38.832  INFO 22612 --- [zjy.mongodb.net] org.mongodb.driver.cluster               : Adding discovered server cluster0-shard-00-01.hvzjy.mongodb.net:27017 to client view of cluster
2022-06-08 02:03:40.069  INFO 22612 --- [ngodb.net:27017] org.mongodb.driver.connection            : Opened connection [connectionId{localValue:5, serverValue:109537}] to cluster0-shard-00-02.hvzjy.mongodb.net:27017
2022-06-08 02:03:40.069  INFO 22612 --- [ngodb.net:27017] org.mongodb.driver.connection            : Opened connection [connectionId{localValue:1, serverValue:106815}] to cluster0-shard-00-01.hvzjy.mongodb.net:27017
2022-06-08 02:03:40.070  INFO 22612 --- [ngodb.net:27017] org.mongodb.driver.connection            : Opened connection [connectionId{localValue:2, serverValue:109537}] to cluster0-shard-00-02.hvzjy.mongodb.net:27017
2022-06-08 02:03:40.072  INFO 22612 --- [ngodb.net:27017] org.mongodb.driver.connection            : Opened connection [connectionId{localValue:4, serverValue:107443}] to cluster0-shard-00-00.hvzjy.mongodb.net:27017
2022-06-08 02:03:40.073  INFO 22612 --- [ngodb.net:27017] org.mongodb.driver.connection            : Opened connection [connectionId{localValue:6, serverValue:107443}] to cluster0-shard-00-00.hvzjy.mongodb.net:27017
2022-06-08 02:03:40.073  INFO 22612 --- [ngodb.net:27017] org.mongodb.driver.connection            : Opened connection [connectionId{localValue:3, serverValue:106814}] to cluster0-shard-00-01.hvzjy.mongodb.net:27017
2022-06-08 02:03:40.081  INFO 22612 --- [ngodb.net:27017] org.mongodb.driver.cluster               : Monitor thread successfully connected to server with description ServerDescription{address=cluster0-shard-00-01.hvzjy.mongodb.net:27017, type=REPLICA_SET_SECONDARY, state=CONNECTED, ok=true, minWireVersion=0, maxWireVersion=13, maxDocumentSize=16777216, logicalSessionTimeoutMinutes=30, roundTripTimeNanos=705002900, setName='atlas-p6p35d-shard-0', canonicalAddress=cluster0-shard-00-01.hvzjy.mongodb.net:27017, hosts=[cluster0-shard-00-02.hvzjy.mongodb.net:27017, cluster0-shard-00-01.hvzjy.mongodb.net:27017, cluster0-shard-00-00.hvzjy.mongodb.net:27017], passives=[], arbiters=[], primary='cluster0-shard-00-02.hvzjy.mongodb.net:27017', tagSet=TagSet{[Tag{name='nodeType', value='ELECTABLE'}, Tag{name='provider', value='AWS'}, Tag{name='region', value='US_EAST_1'}, Tag{name='workloadType', value='OPERATIONAL'}]}, electionId=null, setVersion=9, topologyVersion=TopologyVersion{processId=629b8f89031d5e428c5673e2, counter=3}, lastWriteDate=Wed Jun 08 02:03:40 EET 2022, lastUpdateTimeNanos=792446199764600}
2022-06-08 02:03:40.081  INFO 22612 --- [ngodb.net:27017] org.mongodb.driver.cluster               : Monitor thread successfully connected to server with description ServerDescription{address=cluster0-shard-00-02.hvzjy.mongodb.net:27017, type=REPLICA_SET_PRIMARY, state=CONNECTED, ok=true, minWireVersion=0, maxWireVersion=13, maxDocumentSize=16777216, logicalSessionTimeoutMinutes=30, roundTripTimeNanos=690240500, setName='atlas-p6p35d-shard-0', canonicalAddress=cluster0-shard-00-02.hvzjy.mongodb.net:27017, hosts=[cluster0-shard-00-02.hvzjy.mongodb.net:27017, cluster0-shard-00-01.hvzjy.mongodb.net:27017, cluster0-shard-00-00.hvzjy.mongodb.net:27017], passives=[], arbiters=[], primary='cluster0-shard-00-02.hvzjy.mongodb.net:27017', tagSet=TagSet{[Tag{name='nodeType', value='ELECTABLE'}, Tag{name='provider', value='AWS'}, Tag{name='region', value='US_EAST_1'}, Tag{name='workloadType', value='OPERATIONAL'}]}, electionId=7fffffff000000000000006f, setVersion=9, topologyVersion=TopologyVersion{processId=629b8e4573dda1506a086bd6, counter=6}, lastWriteDate=Wed Jun 08 02:03:40 EET 2022, lastUpdateTimeNanos=792446201272500}
2022-06-08 02:03:40.081  INFO 22612 --- [ngodb.net:27017] org.mongodb.driver.cluster               : Monitor thread successfully connected to server with description ServerDescription{address=cluster0-shard-00-00.hvzjy.mongodb.net:27017, type=REPLICA_SET_SECONDARY, state=CONNECTED, ok=true, minWireVersion=0, maxWireVersion=13, maxDocumentSize=16777216, logicalSessionTimeoutMinutes=30, roundTripTimeNanos=666787700, setName='atlas-p6p35d-shard-0', canonicalAddress=cluster0-shard-00-00.hvzjy.mongodb.net:27017, hosts=[cluster0-shard-00-02.hvzjy.mongodb.net:27017, cluster0-shard-00-01.hvzjy.mongodb.net:27017, cluster0-shard-00-00.hvzjy.mongodb.net:27017], passives=[], arbiters=[], primary='cluster0-shard-00-02.hvzjy.mongodb.net:27017', tagSet=TagSet{[Tag{name='nodeType', value='ELECTABLE'}, Tag{name='provider', value='AWS'}, Tag{name='region', value='US_EAST_1'}, Tag{name='workloadType', value='OPERATIONAL'}]}, electionId=null, setVersion=9, topologyVersion=TopologyVersion{processId=629b8cfc8bc5771a990b33b5, counter=4}, lastWriteDate=Wed Jun 08 02:03:40 EET 2022, lastUpdateTimeNanos=792446199753900}
2022-06-08 02:03:40.086  INFO 22612 --- [ngodb.net:27017] org.mongodb.driver.cluster               : Setting max election id to 7fffffff000000000000006f from replica set primary cluster0-shard-00-02.hvzjy.mongodb.net:27017
2022-06-08 02:03:40.087  INFO 22612 --- [ngodb.net:27017] org.mongodb.driver.cluster               : Setting max set version to 9 from replica set primary cluster0-shard-00-02.hvzjy.mongodb.net:27017
2022-06-08 02:03:40.087  INFO 22612 --- [ngodb.net:27017] org.mongodb.driver.cluster               : Discovered replica set primary cluster0-shard-00-02.hvzjy.mongodb.net:27017
2022-06-08 02:03:41.289  INFO 22612 --- [    Test worker] c.t.n.NotificationApplicationTests       : Started NotificationApplicationTests in 6.044 seconds (JVM running for 8.599)
]]></system-out>
  <system-err><![CDATA[]]></system-err>
</testsuite>
